<?xml version="1.0" encoding="UTF-8"?>
<testng-results skipped="0" failed="0" ignored="0" total="1" passed="1">
  <reporter-output>
  </reporter-output>
  <suite name="Appium201" duration-ms="110067" started-at="2018-05-14T06:30:18Z" finished-at="2018-05-14T06:32:08Z">
    <groups>
    </groups>
    <test name="Test" duration-ms="110067" started-at="2018-05-14T06:30:18Z" finished-at="2018-05-14T06:32:08Z">
      <class name="com.application.scenarios.TC01_SanityTest">
        <test-method status="PASS" signature="sanity()[pri:0, instance:com.application.scenarios.TC01_SanityTest@3fd7a715]" name="sanity" duration-ms="109994" started-at="2018-05-14T06:30:18Z" finished-at="2018-05-14T06:32:08Z">
          <reporter-output>
          </reporter-output>
        </test-method> <!-- sanity -->
      </class> <!-- com.application.scenarios.TC01_SanityTest -->
    </test> <!-- Test -->
  </suite> <!-- Appium201 -->
</testng-results>
